app/build/intermediates/manifest_merge_blame_file/release/manifest-merger-blame-release-report.txt
1<?xml version="1.0" encoding="utf-8"?>
2<manifest xmlns:android="http://schemas.android.com/apk/res/android"
3    package="co.app.mercaditodesofi"
4    android:versionCode="6"
5    android:versionName="1.0" >
6
7    <uses-sdk
8        android:minSdkVersion="16"
8-->src/main/AndroidManifest.xml
9        android:targetSdkVersion="31" />
9-->src/main/AndroidManifest.xml
10
11    <uses-permission android:name="android.permission.INTERNET" />
11-->src/main/AndroidManifest.xml:4:5-67
11-->src/main/AndroidManifest.xml:4:22-64
12
13    <application
13-->src/main/AndroidManifest.xml:5:5-30:19
14        android:allowBackup="true"
14-->src/main/AndroidManifest.xml:6:9-35
15        android:appComponentFactory="androidx.core.app.CoreComponentFactory"
15-->[androidx.core:core:1.0.1] AndroidManifest.xml:22:18-86
16        android:icon="@mipmap/icon_launcher"
16-->src/main/AndroidManifest.xml:7:9-45
17        android:label="@string/app_name"
17-->src/main/AndroidManifest.xml:8:9-41
18        android:roundIcon="@mipmap/icon_launcher_round"
18-->src/main/AndroidManifest.xml:9:9-56
19        android:supportsRtl="true"
19-->src/main/AndroidManifest.xml:10:9-35
20        android:theme="@style/AppTheme" >
20-->src/main/AndroidManifest.xml:11:9-40
21        <activity
21-->src/main/AndroidManifest.xml:12:9-15:68
22            android:name="co.app.mercaditodesofi.CatalogActivity"
22-->src/main/AndroidManifest.xml:13:13-44
23            android:label="@string/title_activity_catalog"
23-->src/main/AndroidManifest.xml:14:13-59
24            android:theme="@style/AppTheme.NoActionBar" />
24-->src/main/AndroidManifest.xml:15:13-56
25        <activity
25-->src/main/AndroidManifest.xml:16:9-18:40
26            android:name="co.app.mercaditodesofi.ui.register.RegisterActivity"
26-->src/main/AndroidManifest.xml:17:13-57
27            android:label="Registro" />
27-->src/main/AndroidManifest.xml:18:13-37
28        <activity
28-->src/main/AndroidManifest.xml:19:9-21:60
29            android:name="co.app.mercaditodesofi.ui.login.LoginActivity"
29-->src/main/AndroidManifest.xml:20:13-51
30            android:label="@string/title_activity_login" />
30-->src/main/AndroidManifest.xml:21:13-57
31        <activity
31-->src/main/AndroidManifest.xml:22:9-29:20
32            android:name="co.app.mercaditodesofi.MainActivity"
32-->src/main/AndroidManifest.xml:22:19-47
33            android:exported="true" >
33-->src/main/AndroidManifest.xml:23:21-44
34            <intent-filter>
34-->src/main/AndroidManifest.xml:24:13-28:29
35                <action android:name="android.intent.action.MAIN" />
35-->src/main/AndroidManifest.xml:25:17-69
35-->src/main/AndroidManifest.xml:25:25-66
36
37                <category android:name="android.intent.category.LAUNCHER" />
37-->src/main/AndroidManifest.xml:27:17-77
37-->src/main/AndroidManifest.xml:27:27-74
38            </intent-filter>
39        </activity>
40
41        <provider
41-->[androidx.lifecycle:lifecycle-process:2.0.0] AndroidManifest.xml:23:9-27:43
42            android:name="androidx.lifecycle.ProcessLifecycleOwnerInitializer"
42-->[androidx.lifecycle:lifecycle-process:2.0.0] AndroidManifest.xml:24:13-79
43            android:authorities="co.app.mercaditodesofi.lifecycle-process"
43-->[androidx.lifecycle:lifecycle-process:2.0.0] AndroidManifest.xml:25:13-69
44            android:exported="false"
44-->[androidx.lifecycle:lifecycle-process:2.0.0] AndroidManifest.xml:26:13-37
45            android:multiprocess="true" />
45-->[androidx.lifecycle:lifecycle-process:2.0.0] AndroidManifest.xml:27:13-40
46    </application>
47
48</manifest>